2019-02-25 10:13:09->Accrediti: Aggiunto accredito per 00299630632 - MASSIMILIANO SANTOLO
2019-02-25 10:13:09->Accrediti: Aggiunto un accredito anniversario per 00299630632 alla data 2019-01-23 00:00:00 - MASSIMILIANO SANTOLO
2019-02-25 10:13:09->Accrediti: Aggiunto accredito per 08454330013 - MASSIMILIANO SANTOLO
2019-02-25 10:13:09->Accrediti: Aggiunto un accredito anniversario per 08454330013 alla data 2019-02-01 00:00:00 - MASSIMILIANO SANTOLO
2019-02-25 10:13:09->Accrediti: Aggiunto accredito per 08544580965 - MASSIMILIANO SANTOLO
2019-02-25 10:13:09->Accrediti: Aggiunto un accredito anniversario per 08544580965 alla data 2019-02-07 00:00:00 - MASSIMILIANO SANTOLO
2019-02-25 10:13:09->Accrediti: Aggiunto accredito per 10136360962 - MASSIMILIANO SANTOLO
2019-02-25 10:13:09->Accrediti: Aggiunto un accredito anniversario per 10136360962 alla data 2019-01-26 00:00:00 - MASSIMILIANO SANTOLO
2019-02-25 10:13:09->Accrediti: Aggiunto accredito per 11359940159 - MASSIMILIANO SANTOLO
2019-02-25 10:13:09->Accrediti: Aggiunto un accredito anniversario per 11359940159 alla data 2019-02-01 00:00:00 - MASSIMILIANO SANTOLO
2019-02-25 10:13:09->Accrediti: Aggiunto accredito per 12339020153 - MASSIMILIANO SANTOLO
2019-02-25 10:13:09->Accrediti: Aggiunto un accredito anniversario per 12339020153 alla data 2019-02-01 00:00:00 - MASSIMILIANO SANTOLO
2019-02-25 10:13:09->Accrediti: Aggiunto accredito per 13051051004 - MASSIMILIANO SANTOLO
2019-02-25 10:13:09->Accrediti: Aggiunto un accredito anniversario per 13051051004 alla data 2019-02-01 00:00:00 - MASSIMILIANO SANTOLO
2019-02-25 10:13:09->Accrediti: Aggiunto accredito per 15034771004 - MASSIMILIANO SANTOLO
2019-02-25 10:13:09->Accrediti: Aggiunto un accredito anniversario per 15034771004 alla data 2019-02-01 00:00:00 - MASSIMILIANO SANTOLO
2019-02-25 10:13:09->Accrediti: Aggiunto accredito per PSNBMN57P14F839Y - MASSIMILIANO SANTOLO
2019-02-25 10:13:09->Accrediti: Aggiunto un accredito anniversario per PSNBMN57P14F839Y alla data 2019-09-14 00:00:00 - MASSIMILIANO SANTOLO
2019-02-25 10:13:09->Accrediti: Aggiunto accredito per 15034771004 - MASSIMILIANO SANTOLO
2019-02-25 10:13:09->Accrediti: Aggiunto accredito per 13371531008 - MASSIMILIANO SANTOLO
2019-02-25 10:13:09->Accrediti: Aggiunto un accredito anniversario per 13371531008 alla data 2019-02-01 00:00:00 - MASSIMILIANO SANTOLO
2019-02-25 10:13:09->Accrediti: Aggiunto accredito per 13371531008 - MASSIMILIANO SANTOLO
2019-02-25 10:13:09->Accrediti: Aggiunto accredito per BRVCLD61S28H501B - MASSIMILIANO SANTOLO
2019-02-25 10:13:09->Accrediti: Aggiunto un accredito anniversario per BRVCLD61S28H501B alla data 2019-11-28 00:00:00 - MASSIMILIANO SANTOLO
2019-02-25 10:13:09->Accrediti: Aggiunto accredito per PSNBMN57P14F839Y - MASSIMILIANO SANTOLO
2019-02-25 10:13:09->Bonus fedelt&agrave;: Accreditati 5 bonus per continutit&agrave; contrattuale (COWORKING) al cliente con id: 212 - MASSIMILIANO SANTOLO
2019-02-25 10:40:06->Accrediti: Aggiunto accredito per 00299630632 - 
2019-02-25 10:40:06->Accrediti: Aggiunto un accredito anniversario per 00299630632 alla data 2019-01-23 00:00:00 - 
2019-02-25 10:40:06->Accrediti: Aggiunto accredito per 08454330013 - 
2019-02-25 10:40:06->Accrediti: Aggiunto un accredito anniversario per 08454330013 alla data 2019-02-01 00:00:00 - 
2019-02-25 10:40:06->Accrediti: Aggiunto accredito per 08544580965 - 
2019-02-25 10:40:06->Accrediti: Aggiunto un accredito anniversario per 08544580965 alla data 2019-02-07 00:00:00 - 
2019-02-25 10:40:06->Accrediti: Aggiunto accredito per 10136360962 - 
2019-02-25 10:40:06->Accrediti: Aggiunto un accredito anniversario per 10136360962 alla data 2019-01-26 00:00:00 - 
2019-02-25 10:40:07->Accrediti: Aggiunto accredito per 11359940159 - 
2019-02-25 10:40:07->Accrediti: Aggiunto un accredito anniversario per 11359940159 alla data 2019-02-01 00:00:00 - 
2019-02-25 10:40:07->Accrediti: Aggiunto accredito per 12339020153 - 
2019-02-25 10:40:07->Accrediti: Aggiunto un accredito anniversario per 12339020153 alla data 2019-02-01 00:00:00 - 
2019-02-25 10:40:07->Accrediti: Aggiunto accredito per 13051051004 - 
2019-02-25 10:40:07->Accrediti: Aggiunto un accredito anniversario per 13051051004 alla data 2019-02-01 00:00:00 - 
2019-02-25 10:40:07->Accrediti: Aggiunto accredito per 15034771004 - 
2019-02-25 10:40:07->Accrediti: Aggiunto un accredito anniversario per 15034771004 alla data 2019-02-01 00:00:00 - 
2019-02-25 10:40:07->Accrediti: Aggiunto accredito per PSNBMN57P14F839Y - 
2019-02-25 10:40:07->Accrediti: Aggiunto un accredito anniversario per PSNBMN57P14F839Y alla data 2019-09-14 00:00:00 - 
2019-02-25 10:40:07->Accrediti: Aggiunto accredito per 15034771004 - 
2019-02-25 10:40:07->Accrediti: Aggiunto accredito per 13371531008 - 
2019-02-25 10:40:07->Accrediti: Aggiunto un accredito anniversario per 13371531008 alla data 2019-02-01 00:00:00 - 
2019-02-25 10:40:07->Accrediti: Aggiunto accredito per 13371531008 - 
2019-02-25 10:40:07->Accrediti: Aggiunto accredito per BRVCLD61S28H501B - 
2019-02-25 10:40:07->Accrediti: Aggiunto un accredito anniversario per BRVCLD61S28H501B alla data 2019-11-28 00:00:00 - 
2019-02-25 10:40:07->Accrediti: Aggiunto accredito per PSNBMN57P14F839Y - 
2019-02-25 10:40:07->Bonus fedelt&agrave;: Accreditati 5 bonus per continutit&agrave; contrattuale (COWORKING) al cliente con id: 212 - 
2019-02-25 11:17:31->Accrediti: Aggiunto accredito per 00299630632 - 
2019-02-25 11:17:31->Accrediti: Aggiunto un accredito anniversario per 00299630632 alla data 2019-01-23 00:00:00 - 
2019-02-25 11:17:31->Accrediti: Aggiunto accredito per 08454330013 - 
2019-02-25 11:17:31->Accrediti: Aggiunto un accredito anniversario per 08454330013 alla data 2019-02-01 00:00:00 - 
2019-02-25 11:17:31->Accrediti: Aggiunto accredito per 08544580965 - 
2019-02-25 11:17:31->Accrediti: Aggiunto un accredito anniversario per 08544580965 alla data 2019-02-07 00:00:00 - 
2019-02-25 11:17:31->Accrediti: Aggiunto accredito per 10136360962 - 
2019-02-25 11:17:31->Accrediti: Aggiunto un accredito anniversario per 10136360962 alla data 2019-01-26 00:00:00 - 
2019-02-25 11:17:31->Accrediti: Aggiunto accredito per 11359940159 - 
2019-02-25 11:17:31->Accrediti: Aggiunto un accredito anniversario per 11359940159 alla data 2019-02-01 00:00:00 - 
2019-02-25 11:17:31->Accrediti: Aggiunto accredito per 12339020153 - 
2019-02-25 11:17:31->Accrediti: Aggiunto un accredito anniversario per 12339020153 alla data 2019-02-01 00:00:00 - 
2019-02-25 11:17:31->Accrediti: Aggiunto accredito per 13051051004 - 
2019-02-25 11:17:31->Accrediti: Aggiunto un accredito anniversario per 13051051004 alla data 2019-02-01 00:00:00 - 
2019-02-25 11:17:31->Accrediti: Aggiunto accredito per 15034771004 - 
2019-02-25 11:17:31->Accrediti: Aggiunto un accredito anniversario per 15034771004 alla data 2019-01-01 00:00:00 - 
2019-02-25 11:17:31->Accrediti: Aggiunto accredito per PSNBMN57P14F839Y - 
2019-02-25 11:17:31->Accrediti: Aggiunto un accredito anniversario per PSNBMN57P14F839Y alla data 2019-09-14 00:00:00 - 
2019-02-25 11:17:31->Accrediti: Aggiunto accredito per 15034771004 - 
2019-02-25 11:17:31->Accrediti: Aggiunto accredito per 13371531008 - 
2019-02-25 11:17:31->Accrediti: Aggiunto un accredito anniversario per 13371531008 alla data 2019-02-01 00:00:00 - 
2019-02-25 11:17:31->Accrediti: Aggiunto accredito per 13371531008 - 
2019-02-25 11:17:31->Accrediti: Aggiunto accredito per BRVCLD61S28H501B - 
2019-02-25 11:17:31->Accrediti: Aggiunto un accredito anniversario per BRVCLD61S28H501B alla data 2019-11-28 00:00:00 - 
2019-02-25 11:17:32->Accrediti: Aggiunto accredito per PSNBMN57P14F839Y - 
2019-02-25 11:17:32->Bonus fedelt&agrave;: Accreditati 5 bonus per continutit&agrave; contrattuale (COWORKING) al cliente con id: 212 - 
2019-02-25 14:59:16->Accredito: Aggiunti 100 all'utente con ID: 227 forzatamente - MASSIMILIANO SANTOLO
2019-02-25 15:01:16->Accredito: Aggiunti 5 all'utente con ID: 227 forzatamente - MASSIMILIANO SANTOLO
2019-02-25 15:33:52->Accredito: Aggiunti 40 all'utente con ID: 227 forzatamente - MASSIMILIANO SANTOLO
2019-02-25 15:48:15->Accrediti: Aggiunto accredito per 00299630632 - 
2019-02-25 15:48:15->Accrediti: Aggiunto un accredito anniversario per 00299630632 alla data 2020-01-23 00:00:00 - 
2019-02-25 15:48:15->Accrediti: Aggiunto accredito per 08454330013 - 
2019-02-25 15:48:15->Accrediti: Aggiunto un accredito anniversario per 08454330013 alla data 2020-02-01 00:00:00 - 
2019-02-25 15:48:15->Accrediti: Aggiunto accredito per 08544580965 - 
2019-02-25 15:48:15->Accrediti: Aggiunto un accredito anniversario per 08544580965 alla data 2020-02-07 00:00:00 - 
2019-02-25 15:48:15->Accrediti: Aggiunto accredito per 10136360962 - 
2019-02-25 15:48:15->Accrediti: Aggiunto un accredito anniversario per 10136360962 alla data 2020-01-26 00:00:00 - 
2019-02-25 15:48:15->Accrediti: Aggiunto accredito per 11359940159 - 
2019-02-25 15:48:15->Accrediti: Aggiunto un accredito anniversario per 11359940159 alla data 2020-02-01 00:00:00 - 
2019-02-25 15:48:15->Accrediti: Aggiunto accredito per 12339020153 - 
2019-02-25 15:48:15->Accrediti: Aggiunto un accredito anniversario per 12339020153 alla data 2020-02-01 00:00:00 - 
2019-02-25 15:48:15->Accrediti: Aggiunto accredito per 13051051004 - 
2019-02-25 15:48:15->Accrediti: Aggiunto un accredito anniversario per 13051051004 alla data 2020-02-01 00:00:00 - 
2019-02-25 15:48:15->Accrediti: Aggiunto accredito per 15034771004 - 
2019-02-25 15:48:15->Accrediti: Aggiunto un accredito anniversario per 15034771004 alla data 2020-01-01 00:00:00 - 
2019-02-25 15:48:15->Accrediti: Aggiunto accredito per PSNBMN57P14F839Y - 
2019-02-25 15:48:15->Accrediti: Aggiunto un accredito anniversario per PSNBMN57P14F839Y alla data 2019-09-14 00:00:00 - 
2019-02-25 15:48:15->Accrediti: Aggiunto accredito per 15034771004 - 
2019-02-25 15:48:15->Accrediti: Aggiunto accredito per 13371531008 - 
2019-02-25 15:48:15->Accrediti: Aggiunto un accredito anniversario per 13371531008 alla data 2020-02-01 00:00:00 - 
2019-02-25 15:48:15->Accrediti: Aggiunto accredito per 13371531008 - 
2019-02-25 15:48:15->Accrediti: Aggiunto accredito per BRVCLD61S28H501B - 
2019-02-25 15:48:15->Accrediti: Aggiunto un accredito anniversario per BRVCLD61S28H501B alla data 2019-11-28 00:00:00 - 
2019-02-25 15:48:15->Accrediti: Aggiunto accredito per PSNBMN57P14F839Y - 
2019-02-25 15:48:15->Bonus fedelt&agrave;: Accreditati 5 bonus per continutit&agrave; contrattuale (COWORKING) al cliente con id: 212 - 
2019-02-25 15:55:25->Accrediti: Aggiunto accredito per 00299630632 - 
2019-02-25 15:57:55->Accrediti: Aggiunto accredito per 08454330013 - 
2019-02-25 16:00:18->Accrediti: Aggiunto accredito per 08544580965 - 
2019-02-25 16:01:53->Accrediti: Aggiunto accredito per 10136360962 - 
2019-02-25 16:03:25->Accrediti: Aggiunto accredito per 00299630632 - 
2019-02-25 16:04:54->Accrediti: Aggiunto accredito per 08454330013 - 
2019-02-25 16:05:42->Accrediti: Aggiunto accredito per 08544580965 - 
2019-02-25 16:06:06->Accrediti: Aggiunto accredito per 10136360962 - 
2019-02-25 16:07:42->Accrediti: Aggiunto accredito per 11359940159 - 
2019-02-25 16:07:47->Accrediti: Aggiunto accredito per 12339020153 - 
2019-02-25 16:11:02->Accrediti: Aggiunto accredito per 00299630632 - 
2019-02-25 16:14:57->Accrediti: Aggiunto accredito per 08454330013 - 
2019-02-25 16:14:57->Accrediti: Aggiunto un accredito BIRTHDAY per 08454330013 alla data 2020-02-01 00:00:00 - 
2019-02-25 16:14:57->Accrediti: Aggiunto accredito per 08544580965 - 
2019-02-25 16:14:57->Accrediti: Aggiunto un accredito BIRTHDAY per 08544580965 alla data 2020-02-07 00:00:00 - 
2019-02-25 16:14:57->Accrediti: Aggiunto accredito per 10136360962 - 
2019-02-25 16:14:57->Accrediti: Aggiunto un accredito BIRTHDAY per 10136360962 alla data 2020-01-26 00:00:00 - 
2019-02-25 16:14:57->Accrediti: Aggiunto accredito per 11359940159 - 
2019-02-25 16:14:57->Accrediti: Aggiunto un accredito BIRTHDAY per 11359940159 alla data 2020-02-01 00:00:00 - 
2019-02-25 16:14:57->Accrediti: Aggiunto accredito per 12339020153 - 
2019-02-25 16:14:57->Accrediti: Aggiunto un accredito BIRTHDAY per 12339020153 alla data 2020-02-01 00:00:00 - 
2019-02-25 16:14:57->Accrediti: Aggiunto accredito per 13051051004 - 
2019-02-25 16:14:57->Accrediti: Aggiunto un accredito BIRTHDAY per 13051051004 alla data 2020-02-01 00:00:00 - 
2019-02-25 16:14:57->Accrediti: Aggiunto accredito per 15034771004 - 
2019-02-25 16:14:57->Accrediti: Aggiunto un accredito BIRTHDAY per 15034771004 alla data 2020-01-01 00:00:00 - 
2019-02-25 16:14:57->Accrediti: Aggiunto accredito per PSNBMN57P14F839Y - 
2019-02-25 16:14:57->Accrediti: Aggiunto un accredito ANNIVERSARY per PSNBMN57P14F839Y alla data 2019-09-14 00:00:00 - 
2019-02-25 16:14:57->Accrediti: Aggiunto accredito per 15034771004 - 
2019-02-25 16:14:57->Accrediti: Aggiunto accredito per 13371531008 - 
2019-02-25 16:14:57->Accrediti: Aggiunto un accredito BIRTHDAY per 13371531008 alla data 2020-02-01 00:00:00 - 
2019-02-25 16:14:57->Accrediti: Aggiunto accredito per 13371531008 - 
2019-02-25 16:14:57->Accrediti: Aggiunto accredito per BRVCLD61S28H501B - 
2019-02-25 16:14:57->Accrediti: Aggiunto un accredito ANNIVERSARY per BRVCLD61S28H501B alla data 2019-11-28 00:00:00 - 
2019-02-25 16:14:57->Accrediti: Aggiunto accredito per PSNBMN57P14F839Y - 
2019-02-25 16:14:57->Bonus fedelt&agrave;: Accreditati 5 bonus per continutit&agrave; contrattuale (COWORKING) al cliente con id: 212 - 
2019-02-25 16:16:16->Accrediti: Aggiunto accredito per 00299630632 - 
2019-02-25 16:16:16->Accrediti: Aggiunto un accredito ANNIVERSARY per 00299630632 alla data 2020-01-23 00:00:00 - 
2019-02-25 16:16:16->Accrediti: Aggiunto accredito per 08454330013 - 
2019-02-25 16:16:16->Accrediti: Aggiunto un accredito ANNIVERSARY per 08454330013 alla data 2020-02-01 00:00:00 - 
2019-02-25 16:16:16->Accrediti: Aggiunto accredito per 08544580965 - 
2019-02-25 16:16:16->Accrediti: Aggiunto un accredito ANNIVERSARY per 08544580965 alla data 2020-02-07 00:00:00 - 
2019-02-25 16:16:16->Accrediti: Aggiunto accredito per 10136360962 - 
2019-02-25 16:16:16->Accrediti: Aggiunto un accredito ANNIVERSARY per 10136360962 alla data 2020-01-26 00:00:00 - 
2019-02-25 16:16:16->Accrediti: Aggiunto accredito per 11359940159 - 
2019-02-25 16:16:16->Accrediti: Aggiunto un accredito ANNIVERSARY per 11359940159 alla data 2020-02-01 00:00:00 - 
2019-02-25 16:16:16->Accrediti: Aggiunto accredito per 12339020153 - 
2019-02-25 16:16:16->Accrediti: Aggiunto un accredito ANNIVERSARY per 12339020153 alla data 2020-02-01 00:00:00 - 
2019-02-25 16:16:16->Accrediti: Aggiunto accredito per 13051051004 - 
2019-02-25 16:16:16->Accrediti: Aggiunto un accredito ANNIVERSARY per 13051051004 alla data 2020-02-01 00:00:00 - 
2019-02-25 16:16:16->Accrediti: Aggiunto accredito per 15034771004 - 
2019-02-25 16:16:16->Accrediti: Aggiunto un accredito ANNIVERSARY per 15034771004 alla data 2020-01-01 00:00:00 - 
2019-02-25 16:16:16->Accrediti: Aggiunto accredito per PSNBMN57P14F839Y - 
2019-02-25 16:16:16->Accrediti: Aggiunto un accredito BIRTHDAY per PSNBMN57P14F839Y alla data 2019-09-14 00:00:00 - 
2019-02-25 16:16:16->Accrediti: Aggiunto accredito per 15034771004 - 
2019-02-25 16:16:16->Accrediti: Aggiunto accredito per 13371531008 - 
2019-02-25 16:16:16->Accrediti: Aggiunto un accredito ANNIVERSARY per 13371531008 alla data 2020-02-01 00:00:00 - 
2019-02-25 16:16:16->Accrediti: Aggiunto accredito per 13371531008 - 
2019-02-25 16:16:16->Accrediti: Aggiunto accredito per BRVCLD61S28H501B - 
2019-02-25 16:16:16->Accrediti: Aggiunto un accredito BIRTHDAY per BRVCLD61S28H501B alla data 2019-11-28 00:00:00 - 
2019-02-25 16:16:16->Accrediti: Aggiunto accredito per PSNBMN57P14F839Y - 
2019-02-25 16:16:16->Bonus fedelt&agrave;: Accreditati 5 bonus per continutit&agrave; contrattuale (COWORKING) al cliente con id: 212 - 
2019-02-25 16:24:21->Accrediti: Aggiunto accredito per 00299630632 - 
2019-02-25 16:24:21->Accrediti: Aggiunto un accredito ANNIVERSARY per 00299630632 alla data 2020-01-23 00:00:00 - 
2019-02-25 16:24:21->Accrediti: Aggiunto accredito per 08454330013 - 
2019-02-25 16:24:21->Accrediti: Aggiunto un accredito ANNIVERSARY per 08454330013 alla data 2020-02-01 00:00:00 - 
2019-02-25 16:24:21->Accrediti: Aggiunto accredito per 08544580965 - 
2019-02-25 16:24:21->Accrediti: Aggiunto un accredito ANNIVERSARY per 08544580965 alla data 2020-02-07 00:00:00 - 
2019-02-25 16:24:21->Accrediti: Aggiunto accredito per 10136360962 - 
2019-02-25 16:24:21->Accrediti: Aggiunto un accredito ANNIVERSARY per 10136360962 alla data 2020-01-26 00:00:00 - 
2019-02-25 16:24:21->Accrediti: Aggiunto accredito per 11359940159 - 
2019-02-25 16:24:21->Accrediti: Aggiunto un accredito ANNIVERSARY per 11359940159 alla data 2020-02-01 00:00:00 - 
2019-02-25 16:24:21->Accrediti: Aggiunto accredito per 12339020153 - 
2019-02-25 16:24:21->Accrediti: Aggiunto un accredito ANNIVERSARY per 12339020153 alla data 2020-02-01 00:00:00 - 
2019-02-25 16:24:21->Accrediti: Aggiunto accredito per 13051051004 - 
2019-02-25 16:24:21->Accrediti: Aggiunto un accredito ANNIVERSARY per 13051051004 alla data 2020-02-01 00:00:00 - 
2019-02-25 16:24:21->Accrediti: Aggiunto accredito per 15034771004 - 
2019-02-25 16:24:21->Accrediti: Aggiunto un accredito ANNIVERSARY per 15034771004 alla data 2020-01-01 00:00:00 - 
2019-02-25 16:24:21->Accrediti: Aggiunto accredito per PSNBMN57P14F839Y - 
2019-02-25 16:24:21->Accrediti: Aggiunto un accredito BIRTHDAY per PSNBMN57P14F839Y alla data 2019-09-14 00:00:00 - 
2019-02-25 16:24:21->Accrediti: Aggiunto accredito per 15034771004 - 
2019-02-25 16:24:21->Accrediti: Aggiunto accredito per 13371531008 - 
2019-02-25 16:24:21->Accrediti: Aggiunto un accredito ANNIVERSARY per 13371531008 alla data 2020-02-01 00:00:00 - 
2019-02-25 16:24:21->Accrediti: Aggiunto accredito per 13371531008 - 
2019-02-25 16:24:21->Accrediti: Aggiunto accredito per BRVCLD61S28H501B - 
2019-02-25 16:24:21->Accrediti: Aggiunto un accredito BIRTHDAY per BRVCLD61S28H501B alla data 2019-11-28 00:00:00 - 
2019-02-25 16:24:22->Accrediti: Aggiunto accredito per PSNBMN57P14F839Y - 
2019-02-25 16:24:22->Bonus fedelt&agrave;: Accreditati 5 bonus per continutit&agrave; contrattuale (COWORKING) al cliente con id: 212 - 
2019-02-25 16:39:55->Accredito: Aggiunti 40 all'utente con ID: 227 forzatamente - MASSIMILIANO SANTOLO
2019-02-25 16:50:28->Accredito: Aggiunti 512 all'utente con ID: 227 forzatamente - MASSIMILIANO SANTOLO
2019-02-25 17:16:46->Accredito: Aggiunti 40 all'utente con ID: 227 forzatamente - MASSIMILIANO SANTOLO
2019-02-25 17:22:48->Accredito: Aggiunti 0 all'utente con ID: 227 forzatamente - MASSIMILIANO SANTOLO
2019-02-25 17:23:22->Accredito: Aggiunti 47 all'utente con ID: 227 forzatamente - MASSIMILIANO SANTOLO
2019-02-26 09:00:17->Accredito: Aggiunti -20 all'utente con ID: 227 forzatamente - MASSIMILIANO SANTOLO
2019-02-26 09:00:30->Evento: Eliminato l'accredito bonus con id: 171 - MASSIMILIANO SANTOLO
2019-02-26 09:20:31->Accredito: Rettificati -20 punti relativi all'utente con ID: 227 - MASSIMILIANO SANTOLO
2019-02-26 09:20:44->Evento: Eliminato l'accredito bonus con id: 172 - MASSIMILIANO SANTOLO
2019-02-26 09:25:03->Accredito: Rettificati -20 punti relativi all'utente con ID: 227 - MASSIMILIANO SANTOLO
2019-02-26 09:44:40->Accredito: Rettificati -50 punti relativi all'utente con ID: 227 - MASSIMILIANO SANTOLO
2019-02-26 09:44:48->Evento: Eliminato l'accredito bonus con id: 174 - MASSIMILIANO SANTOLO
2019-02-26 09:44:52->Evento: Eliminato l'accredito bonus con id: 173 - MASSIMILIANO SANTOLO
2019-02-26 09:51:10->Accredito: Rettificati -100 punti relativi all'utente con ID: 227 - MASSIMILIANO SANTOLO
2019-02-26 09:51:17->Evento: Eliminato l'accredito bonus con id: 175 - MASSIMILIANO SANTOLO
2019-02-26 16:05:06->Rettifica: Rettificato manualmente a 190 punti accredito ID: 59 - MASSIMILIANO SANTOLO
2019-02-26 16:13:37->Rettifica: Rettificato manualmente a 190 punti accredito ID: 59 - MASSIMILIANO SANTOLO
2019-02-26 16:42:03->Rettifica: Rettificato manualmente a 190 punti accredito ID: 59 - MASSIMILIANO SANTOLO
2019-02-26 16:55:07->Importazione fatture: Fatture aggiornate manualmente - MASSIMILIANO SANTOLO
2019-02-26 16:56:55->Accrediti: Aggiunto accredito per CHDHLF76A11H501C - MASSIMILIANO SANTOLO
2019-02-26 16:56:55->Accrediti: Aggiunto un accredito BIRTHDAY per CHDHLF76A11H501C alla data 2019-01-11 00:00:00 - MASSIMILIANO SANTOLO
2019-02-26 16:56:55->Accrediti: Aggiunto accredito per SRNCLD67E27H501Y - MASSIMILIANO SANTOLO
2019-02-26 16:56:55->Accrediti: Aggiunto un accredito BIRTHDAY per SRNCLD67E27H501Y alla data 2019-05-27 00:00:00 - MASSIMILIANO SANTOLO
2019-02-26 17:03:15->Rettifica: Rettificato manualmente a 190 punti accredito ID: 59 - MASSIMILIANO SANTOLO
2019-02-27 12:59:52->Rettifica: Rettificato manualmente a 190 punti accredito ID: 59 - MASSIMILIANO SANTOLO
2019-02-27 13:18:02->Campagne: Creata una campagna punti per  - MASSIMILIANO SANTOLO
2019-02-27 13:19:46->Campagne: Creata una campagna punti per  - MASSIMILIANO SANTOLO
2019-02-27 13:22:17->Campagne: Creata una campagna punti per  - MASSIMILIANO SANTOLO
2019-02-27 13:25:44->Campagne: Creata una campagna punti per  - MASSIMILIANO SANTOLO
2019-02-27 15:07:55->Accredito: Rettificati 50 punti relativi all'utente con ID: 227 - MASSIMILIANO SANTOLO
2019-02-27 15:10:16->Evento: Eliminato l'accredito bonus con id: 241 - MASSIMILIANO SANTOLO
2019-02-27 15:26:08->Campagne: Modificate le opzioni di accredito per  - MASSIMILIANO SANTOLO
2019-03-06 09:53:15->Importazione fatture: Fatture aggiornate manualmente - MASSIMILIANO SANTOLO
2019-03-06 14:51:52->Importazione fatture: Fatture aggiornate manualmente - MASSIMILIANO SANTOLO
2019-03-06 14:52:31->Accrediti: Aggiornati manualmente gli accrediti - MASSIMILIANO SANTOLO
2019-03-06 14:53:49->Campagne: Modificate le opzioni di accredito per  - MASSIMILIANO SANTOLO
2019-03-06 15:08:16->Rettifica: Rettificato manualmente a 190 punti accredito ID: 59 - MASSIMILIANO SANTOLO
2019-03-07 09:31:26->Importazione fatture: Fatture aggiornate manualmente - MASSIMILIANO SANTOLO
2019-03-07 09:35:02->Rettifica: Rettificato manualmente a 190 punti accredito ID: 59 - MASSIMILIANO SANTOLO
2019-03-07 09:36:37->Importazione fatture: Fatture aggiornate manualmente - MASSIMILIANO SANTOLO
2019-03-07 09:39:56->Importazione fatture: Fatture aggiornate manualmente - MASSIMILIANO SANTOLO
2019-03-07 09:40:12->Rettifica: Rettificato manualmente a 190 punti accredito ID: 59 - MASSIMILIANO SANTOLO
2019-03-07 09:41:39->Importazione fatture: Fatture aggiornate manualmente - MASSIMILIANO SANTOLO
2019-03-07 09:53:01->Rettifica: Rettificato manualmente a 190 punti accredito ID: 59 - MASSIMILIANO SANTOLO
2019-03-07 09:58:34->Importazione fatture: Fatture aggiornate manualmente - MASSIMILIANO SANTOLO
2019-03-07 10:03:53->Rettifica: Rettificato manualmente a 190 punti accredito ID: 59 - MASSIMILIANO SANTOLO
2019-03-07 10:05:48->Importazione fatture: Fatture aggiornate manualmente - MASSIMILIANO SANTOLO
2019-03-07 10:06:56->Rettifica: Rettificato manualmente a 190 punti accredito ID: 59 - MASSIMILIANO SANTOLO
2019-03-07 10:09:13->Importazione fatture: Fatture aggiornate manualmente - MASSIMILIANO SANTOLO
2019-03-07 10:10:34->Rettifica: Rettificato manualmente a 190 punti accredito ID: 59 - MASSIMILIANO SANTOLO
2019-03-07 10:14:37->Importazione fatture: Fatture aggiornate manualmente - MASSIMILIANO SANTOLO
2019-03-07 10:20:43->Rettifica: Rettificato manualmente a 190 punti accredito ID: 59 - MASSIMILIANO SANTOLO
2019-03-07 10:29:55->Importazione fatture: Fatture aggiornate manualmente - MASSIMILIANO SANTOLO
2019-03-07 10:32:17->Accrediti: Aggiunto accredito per 00299630632 - MASSIMILIANO SANTOLO
2019-03-07 10:32:17->Accrediti: Aggiunto un accredito ANNIVERSARY per 00299630632 alla data 2020-01-23 00:00:00 - MASSIMILIANO SANTOLO
2019-03-07 10:32:17->Accrediti: Aggiunto accredito per 08454330013 - MASSIMILIANO SANTOLO
2019-03-07 10:32:17->Accrediti: Aggiunto un accredito ANNIVERSARY per 08454330013 alla data 2020-02-01 00:00:00 - MASSIMILIANO SANTOLO
2019-03-07 10:32:17->Accrediti: Aggiunto accredito per 08544580965 - MASSIMILIANO SANTOLO
2019-03-07 10:32:17->Accrediti: Aggiunto un accredito ANNIVERSARY per 08544580965 alla data 2020-02-07 00:00:00 - MASSIMILIANO SANTOLO
2019-03-07 10:32:17->Accrediti: Aggiunto accredito per 10136360962 - MASSIMILIANO SANTOLO
2019-03-07 10:32:17->Accrediti: Aggiunto un accredito ANNIVERSARY per 10136360962 alla data 2020-01-26 00:00:00 - MASSIMILIANO SANTOLO
2019-03-07 10:32:17->Accrediti: Aggiunto accredito per 11359940159 - MASSIMILIANO SANTOLO
2019-03-07 10:32:17->Accrediti: Aggiunto un accredito ANNIVERSARY per 11359940159 alla data 2020-01-28 00:00:00 - MASSIMILIANO SANTOLO
2019-03-07 10:32:17->Accrediti: Aggiunto accredito per 12339020153 - MASSIMILIANO SANTOLO
2019-03-07 10:32:17->Accrediti: Aggiunto un accredito ANNIVERSARY per 12339020153 alla data 2020-02-01 00:00:00 - MASSIMILIANO SANTOLO
2019-03-07 10:32:18->Accrediti: Aggiunto accredito per 13051051004 - MASSIMILIANO SANTOLO
2019-03-07 10:32:18->Accrediti: Aggiunto un accredito ANNIVERSARY per 13051051004 alla data 2020-02-01 00:00:00 - MASSIMILIANO SANTOLO
2019-03-07 10:32:18->Accrediti: Aggiunto accredito per 15034771004 - MASSIMILIANO SANTOLO
2019-03-07 10:32:18->Accrediti: Aggiunto un accredito ANNIVERSARY per 15034771004 alla data 2020-01-01 00:00:00 - MASSIMILIANO SANTOLO
2019-03-07 10:32:18->Accrediti: Aggiunto accredito per PSNBMN57P14F839Y - MASSIMILIANO SANTOLO
2019-03-07 10:32:18->Accrediti: Aggiunto un accredito BIRTHDAY per PSNBMN57P14F839Y alla data 2019-09-14 00:00:00 - MASSIMILIANO SANTOLO
2019-03-07 10:32:18->Accrediti: Aggiunto accredito per 15034771004 - MASSIMILIANO SANTOLO
2019-03-07 10:32:18->Accrediti: Aggiunto accredito per CHDHLF76A11H501C - MASSIMILIANO SANTOLO
2019-03-07 10:32:18->Accrediti: Aggiunto un accredito BIRTHDAY per CHDHLF76A11H501C alla data 2019-01-11 00:00:00 - MASSIMILIANO SANTOLO
2019-03-07 10:32:18->Accrediti: Aggiunto accredito per SRNCLD67E27H501Y - MASSIMILIANO SANTOLO
2019-03-07 10:32:18->Accrediti: Aggiunto un accredito BIRTHDAY per SRNCLD67E27H501Y alla data 2019-05-27 00:00:00 - MASSIMILIANO SANTOLO
2019-03-07 10:32:18->Accrediti: Aggiunto accredito per 13371531008 - MASSIMILIANO SANTOLO
2019-03-07 10:32:18->Accrediti: Aggiunto un accredito ANNIVERSARY per 13371531008 alla data 2020-02-01 00:00:00 - MASSIMILIANO SANTOLO
2019-03-07 10:32:18->Accrediti: Aggiunto accredito per 13371531008 - MASSIMILIANO SANTOLO
2019-03-07 10:32:18->Accrediti: Aggiunto accredito per BRVCLD61S28H501B - MASSIMILIANO SANTOLO
2019-03-07 10:32:18->Accrediti: Aggiunto un accredito BIRTHDAY per BRVCLD61S28H501B alla data 2019-11-28 00:00:00 - MASSIMILIANO SANTOLO
2019-03-07 10:32:18->Accrediti: Aggiunto accredito per PSNBMN57P14F839Y - MASSIMILIANO SANTOLO
2019-03-07 10:32:18->Bonus fedelt&agrave;: Accreditati 5 bonus per continutit&agrave; contrattuale (COWORKING) al cliente con id: 212 - MASSIMILIANO SANTOLO
2019-03-07 10:32:18->Accrediti: Aggiornati manualmente gli accrediti - MASSIMILIANO SANTOLO
2019-03-07 12:46:09->Rettifica: Rettificato manualmente a 190 punti accredito ID:  - MASSIMILIANO SANTOLO
2019-03-07 12:54:17->Rettifica: Non posso generare l'accredito ad un utente non registrato. - MASSIMILIANO SANTOLO
2019-03-07 12:55:18->Rettifica: Impossibile generare l'accredito per un utente non registrato. - MASSIMILIANO SANTOLO
2019-03-07 12:56:38->Rettifica: Impossibile generare l'accredito per un utente non registrato. - MASSIMILIANO SANTOLO
2019-03-07 13:23:34->Rettifica: Utente non registrato, accredito generato come perso. - MASSIMILIANO SANTOLO
2019-03-07 13:26:08->Rettifica: Rettificato accredito 240 di 190 punti - MASSIMILIANO SANTOLO
2019-03-07 13:28:59->Importazione fatture: Fatture aggiornate manualmente - MASSIMILIANO SANTOLO
2019-03-12 11:37:44->Importazione cedolini: Cedolini aggiornati manualmente - MASSIMILIANO SANTOLO
2019-03-13 16:56:34->Importazione cedolini: Cedolini aggiornati manualmente - MASSIMILIANO SANTOLO
2019-03-18 08:57:30->Importazione cedolini: Cedolini aggiornati manualmente - MASSIMILIANO SANTOLO
2019-03-18 09:00:37->Importazione fatture: Fatture aggiornate manualmente - MASSIMILIANO SANTOLO
2019-03-18 10:11:15->Utenti: Aggiornati manualmente gli utenti - MASSIMILIANO SANTOLO
2019-03-18 10:12:00->Importazione cedolini: Cedolini aggiornati manualmente - MASSIMILIANO SANTOLO
2019-03-20 09:02:37->Importazione cedolini: Cedolini aggiornati manualmente - MASSIMILIANO SANTOLO
2019-03-20 09:46:00->Importazione cedolini: Cedolini aggiornati manualmente - MASSIMILIANO SANTOLO
2019-03-20 11:15:40->Utenti: Aggiornati manualmente gli utenti - Roberta Ghilardelli
2019-03-20 12:37:01->Utenti: Aggiornati manualmente gli utenti - Roberta Ghilardelli
2019-03-20 13:00:20->Utenti: Aggiornati manualmente gli utenti - Roberta Ghilardelli
2019-03-20 13:04:53->Utenti: Aggiornati manualmente gli utenti - Roberta Ghilardelli
2019-03-20 15:54:27->Utenti: Aggiornati manualmente gli utenti - Roberta Ghilardelli
2019-03-20 16:03:41->Accredito: Rettificati 10 punti relativi all'utente con ID: 186 - Roberta Ghilardelli
2019-03-20 16:04:53->Accrediti: Eliminato l'accredito bonus con id: 241 - Roberta Ghilardelli
2019-03-20 16:07:00->Accrediti: Aggiornati manualmente gli accrediti - Roberta Ghilardelli
2019-03-20 16:09:40->Rettifica: Rettificato accredito 175 di 20 punti - Roberta Ghilardelli
2019-03-20 16:11:59->Importazione fatture: Fatture aggiornate manualmente - Roberta Ghilardelli
2019-03-20 16:18:40->Campagne: Modificate le opzioni di accredito per  - Roberta Ghilardelli
2019-03-20 16:19:29->Campagne: Modificate le opzioni di accredito per  - Roberta Ghilardelli
2019-03-20 16:21:21->Campagne: Creata una campagna punti per OFFICESHARING - Roberta Ghilardelli
2019-03-20 16:22:57->Importazione cedolini: Cedolini aggiornati manualmente - Roberta Ghilardelli
2019-03-20 16:28:56->Cedolini addebito punti: Aggiunti i cedolini di sconto - Roberta Ghilardelli
2019-03-21 11:23:00->Cedolini addebito punti: Aggiunti i cedolini di sconto - MASSIMILIANO SANTOLO
2019-03-21 11:26:42->Cedolini addebito punti: Aggiunti i cedolini di sconto - MASSIMILIANO SANTOLO
2019-03-21 11:28:22->Cedolini addebito punti: Aggiunti i cedolini di sconto - MASSIMILIANO SANTOLO
2019-03-21 11:31:02->Cedolini addebito punti: Aggiunti i cedolini di sconto - MASSIMILIANO SANTOLO
2019-03-21 11:33:38->Cedolini addebito punti: Aggiunti i cedolini di sconto - MASSIMILIANO SANTOLO
2019-03-21 11:37:50->Cedolini addebito punti: Aggiunti i cedolini di sconto - MASSIMILIANO SANTOLO
2019-03-21 11:39:09->Cedolini addebito punti: Aggiunti i cedolini di sconto - MASSIMILIANO SANTOLO
2019-03-21 11:40:34->Cedolini addebito punti: Aggiunti i cedolini di sconto - MASSIMILIANO SANTOLO
2019-03-21 11:41:33->Cedolini addebito punti: Aggiunti i cedolini di sconto - MASSIMILIANO SANTOLO
2019-03-21 11:46:29->Cedolini addebito punti: Aggiunti i cedolini di sconto - MASSIMILIANO SANTOLO
2019-03-21 11:47:38->Cedolini addebito punti: Aggiunti i cedolini di sconto - MASSIMILIANO SANTOLO
2019-03-21 11:49:49->Cedolini addebito punti: Aggiunti i cedolini di sconto - MASSIMILIANO SANTOLO
2019-03-21 11:51:29->Cedolini addebito punti: Aggiunti i cedolini di sconto - MASSIMILIANO SANTOLO
2019-03-21 11:52:47->Cedolini addebito punti: Aggiunti i cedolini di sconto - MASSIMILIANO SANTOLO
2019-03-21 11:53:17->Cedolini addebito punti: Aggiunti i cedolini di sconto - MASSIMILIANO SANTOLO
2019-03-21 11:53:52->Cedolini addebito punti: Aggiunti i cedolini di sconto - MASSIMILIANO SANTOLO
2019-03-21 12:44:49->Cedolini addebito punti: Aggiunti i cedolini di sconto - MASSIMILIANO SANTOLO
2019-03-21 12:45:09->Cedolini addebito punti: Aggiunti i cedolini di sconto - MASSIMILIANO SANTOLO
2019-03-21 12:45:49->Cedolini addebito punti: Aggiunti i cedolini di sconto - MASSIMILIANO SANTOLO
2019-03-21 12:46:34->Cedolini addebito punti: Aggiunti i cedolini di sconto - MASSIMILIANO SANTOLO
2019-03-21 12:47:51->Cedolini addebito punti: Aggiunti i cedolini di sconto - MASSIMILIANO SANTOLO
2019-03-21 12:48:31->Cedolini addebito punti: Aggiunti i cedolini di sconto - MASSIMILIANO SANTOLO
2019-03-21 12:49:08->Cedolini addebito punti: Aggiunti i cedolini di sconto - MASSIMILIANO SANTOLO
2019-03-21 12:49:57->Cedolini addebito punti: Aggiunti i cedolini di sconto - MASSIMILIANO SANTOLO
2019-03-21 12:50:20->Cedolini addebito punti: Aggiunti i cedolini di sconto - MASSIMILIANO SANTOLO
2019-03-21 12:53:16->Cedolini addebito punti: Aggiunti i cedolini di sconto - MASSIMILIANO SANTOLO
2019-03-21 12:53:48->Cedolini addebito punti: Aggiunti i cedolini di sconto - MASSIMILIANO SANTOLO
2019-03-21 12:54:47->Cedolini addebito punti: Aggiunti i cedolini di sconto - MASSIMILIANO SANTOLO
2019-03-21 12:55:04->Cedolini addebito punti: Aggiunti i cedolini di sconto - MASSIMILIANO SANTOLO
2019-03-21 12:56:02->Cedolini addebito punti: Aggiunti i cedolini di sconto - MASSIMILIANO SANTOLO
2019-03-21 12:56:17->Cedolini addebito punti: Aggiunti i cedolini di sconto - MASSIMILIANO SANTOLO
2019-03-21 12:57:05->Cedolini addebito punti: Aggiunti i cedolini di sconto - MASSIMILIANO SANTOLO
2019-03-21 12:57:34->Cedolini addebito punti: Aggiunti i cedolini di sconto - MASSIMILIANO SANTOLO
2019-03-21 12:58:17->Cedolini addebito punti: Aggiunti i cedolini di sconto - MASSIMILIANO SANTOLO
2019-03-21 12:58:42->Cedolini addebito punti: Aggiunti i cedolini di sconto - MASSIMILIANO SANTOLO
2019-03-21 13:00:00->Cedolini addebito punti: Aggiunti i cedolini di sconto - MASSIMILIANO SANTOLO
2019-03-21 13:01:37->Cedolini addebito punti: Aggiunti i cedolini di sconto - MASSIMILIANO SANTOLO
2019-03-21 13:02:34->Cedolini addebito punti: Aggiunti i cedolini di sconto - MASSIMILIANO SANTOLO
2019-03-21 13:03:45->Cedolini addebito punti: Aggiunti i cedolini di sconto - MASSIMILIANO SANTOLO
2019-03-21 13:04:00->Cedolini addebito punti: Aggiunti i cedolini di sconto - MASSIMILIANO SANTOLO
2019-03-21 13:04:32->Cedolini addebito punti: Aggiunti i cedolini di sconto - MASSIMILIANO SANTOLO
2019-03-21 13:05:15->Cedolini addebito punti: Aggiunti i cedolini di sconto - MASSIMILIANO SANTOLO
2019-03-21 13:06:20->Cedolini addebito punti: Aggiunti i cedolini di sconto - MASSIMILIANO SANTOLO
2019-03-21 13:06:42->Cedolini addebito punti: Aggiunti i cedolini di sconto - MASSIMILIANO SANTOLO
2019-03-21 13:06:54->Cedolini addebito punti: Aggiunti i cedolini di sconto - MASSIMILIANO SANTOLO
2019-03-21 13:07:28->Cedolini addebito punti: Aggiunti i cedolini di sconto - MASSIMILIANO SANTOLO
2019-03-21 13:07:53->Cedolini addebito punti: Aggiunti i cedolini di sconto - MASSIMILIANO SANTOLO
2019-03-21 13:08:29->Cedolini addebito punti: Aggiunti i cedolini di sconto - MASSIMILIANO SANTOLO
2019-03-21 13:08:52->Cedolini addebito punti: Aggiunti i cedolini di sconto - MASSIMILIANO SANTOLO
2019-03-21 13:09:25->Cedolini addebito punti: Aggiunti i cedolini di sconto - MASSIMILIANO SANTOLO
2019-03-21 13:10:04->Cedolini addebito punti: Aggiunti i cedolini di sconto - MASSIMILIANO SANTOLO
2019-03-21 13:14:56->Cedolini addebito punti: Aggiunti i cedolini di sconto - MASSIMILIANO SANTOLO
2019-03-21 13:30:13->Cedolini addebito punti: Aggiunti i cedolini di sconto - MASSIMILIANO SANTOLO
2019-03-21 13:31:17->Cedolini addebito punti: Aggiunti i cedolini di sconto - MASSIMILIANO SANTOLO
2019-03-21 13:40:40->Cedolini addebito punti: Aggiunti i cedolini di sconto - MASSIMILIANO SANTOLO
2019-03-21 13:41:57->Cedolini addebito punti: Aggiunti i cedolini di sconto - MASSIMILIANO SANTOLO
2019-03-21 17:10:45->Cedolini addebito punti: Aggiunti i cedolini di sconto - Roberta Ghilardelli
2019-03-21 19:13:43->Importazione cedolini: Cedolini aggiornati manualmente - MASSIMILIANO SANTOLO
